2026-03-24 00:21:15: [HPM] Error occurred while proxying request localhost:8001/pos/notifications/v1?size=20 to http://localhost:3000/ [ECONNREFUSED] (https://nodejs.org/api/errors.html#errors_common_system_errors)
2026-03-24 00:21:18: [HPM] Error occurred while proxying request localhost:8001/pos/notifications/v1?size=20 to http://localhost:3000/ [ECONNREFUSED] (https://nodejs.org/api/errors.html#errors_common_system_errors)
2026-03-24 00:21:18: [HPM] Error occurred while proxying request localhost:8001/pos/reports/v1/daily?date=2026-03-23 to http://localhost:3000/ [ECONNREFUSED] (https://nodejs.org/api/errors.html#errors_common_system_errors)
2026-03-24 00:21:18: [HPM] Error occurred while proxying request localhost:8001/pos/products/v1/low-stock to http://localhost:3000/ [ECONNREFUSED] (https://nodejs.org/api/errors.html#errors_common_system_errors)
2026-03-24 00:21:18: [HPM] Error occurred while proxying request localhost:8001/pos/customers/v1?page=1&size=1 to http://localhost:3000/ [ECONNREFUSED] (https://nodejs.org/api/errors.html#errors_common_system_errors)
2026-03-24 00:21:18: [HPM] Error occurred while proxying request localhost:8001/pos/products/v1?page=1&size=1 to http://localhost:3000/ [ECONNREFUSED] (https://nodejs.org/api/errors.html#errors_common_system_errors)
2026-03-24 00:21:18: [HPM] Error occurred while proxying request localhost:8001/pos/categories/v1?page=1&size=50 to http://localhost:3000/ [ECONNREFUSED] (https://nodejs.org/api/errors.html#errors_common_system_errors)
2026-03-24 00:21:18: [HPM] Error occurred while proxying request localhost:8001/pos/sales/v1?page=1&size=5 to http://localhost:3000/ [ECONNREFUSED] (https://nodejs.org/api/errors.html#errors_common_system_errors)
2026-03-24 01:04:50: [HPM] Error occurred while proxying request localhost:8001/pos/notifications/v1?size=20 to http://localhost:3000/ [ECONNREFUSED] (https://nodejs.org/api/errors.html#errors_common_system_errors)
2026-03-24 01:04:50: [HPM] Error occurred while proxying request localhost:8001/pos/reports/v1/daily?date=2026-03-23 to http://localhost:3000/ [ECONNREFUSED] (https://nodejs.org/api/errors.html#errors_common_system_errors)
2026-03-24 01:04:50: [HPM] Error occurred while proxying request localhost:8001/pos/products/v1/low-stock to http://localhost:3000/ [ECONNREFUSED] (https://nodejs.org/api/errors.html#errors_common_system_errors)
2026-03-24 01:04:50: [HPM] Error occurred while proxying request localhost:8001/pos/products/v1?page=1&size=1 to http://localhost:3000/ [ECONNREFUSED] (https://nodejs.org/api/errors.html#errors_common_system_errors)
2026-03-24 01:04:50: [HPM] Error occurred while proxying request localhost:8001/pos/customers/v1?page=1&size=1 to http://localhost:3000/ [ECONNREFUSED] (https://nodejs.org/api/errors.html#errors_common_system_errors)
2026-03-24 01:04:50: [HPM] Error occurred while proxying request localhost:8001/pos/categories/v1?page=1&size=50 to http://localhost:3000/ [ECONNREFUSED] (https://nodejs.org/api/errors.html#errors_common_system_errors)
2026-03-24 01:04:50: [HPM] Error occurred while proxying request localhost:8001/pos/sales/v1?page=1&size=5 to http://localhost:3000/ [ECONNREFUSED] (https://nodejs.org/api/errors.html#errors_common_system_errors)
2026-03-24 01:10:24: [HPM] Error occurred while proxying request localhost:8001/pos/notifications/v1?size=20 to http://localhost:3000/ [ECONNREFUSED] (https://nodejs.org/api/errors.html#errors_common_system_errors)
2026-03-24 01:10:24: [HPM] Error occurred while proxying request localhost:8001/pos/products/v1/low-stock to http://localhost:3000/ [ECONNREFUSED] (https://nodejs.org/api/errors.html#errors_common_system_errors)
2026-03-24 01:10:24: [HPM] Error occurred while proxying request localhost:8001/pos/products/v1?page=1&size=1 to http://localhost:3000/ [ECONNREFUSED] (https://nodejs.org/api/errors.html#errors_common_system_errors)
2026-03-24 01:10:24: [HPM] Error occurred while proxying request localhost:8001/pos/reports/v1/daily?date=2026-03-23 to http://localhost:3000/ [ECONNREFUSED] (https://nodejs.org/api/errors.html#errors_common_system_errors)
2026-03-24 01:10:24: [HPM] Error occurred while proxying request localhost:8001/pos/customers/v1?page=1&size=1 to http://localhost:3000/ [ECONNREFUSED] (https://nodejs.org/api/errors.html#errors_common_system_errors)
2026-03-24 01:10:24: [HPM] Error occurred while proxying request localhost:8001/pos/categories/v1?page=1&size=50 to http://localhost:3000/ [ECONNREFUSED] (https://nodejs.org/api/errors.html#errors_common_system_errors)
2026-03-24 01:10:24: [HPM] Error occurred while proxying request localhost:8001/pos/sales/v1?page=1&size=5 to http://localhost:3000/ [ECONNREFUSED] (https://nodejs.org/api/errors.html#errors_common_system_errors)
2026-03-24 01:10:27: [HPM] Error occurred while proxying request localhost:8001/pos/categories/v1/tree to http://localhost:3000/ [ECONNREFUSED] (https://nodejs.org/api/errors.html#errors_common_system_errors)
2026-03-24 01:10:27: [HPM] Error occurred while proxying request localhost:8001/pos/customers/v1?page=1&size=100 to http://localhost:3000/ [ECONNREFUSED] (https://nodejs.org/api/errors.html#errors_common_system_errors)
2026-03-24 01:10:27: [HPM] Error occurred while proxying request localhost:8001/pos/discount-rules/v1?isActive=true to http://localhost:3000/ [ECONNREFUSED] (https://nodejs.org/api/errors.html#errors_common_system_errors)
2026-03-24 01:10:27: [HPM] Error occurred while proxying request localhost:8001/pos/settings/v1/store to http://localhost:3000/ [ECONNREFUSED] (https://nodejs.org/api/errors.html#errors_common_system_errors)
2026-03-24 01:10:27: [HPM] Error occurred while proxying request localhost:8001/pos/products/v1?page=1&size=100 to http://localhost:3000/ [ECONNREFUSED] (https://nodejs.org/api/errors.html#errors_common_system_errors)
2026-03-24 01:10:28: [HPM] Error occurred while proxying request localhost:8001/pos/products/v1?page=1&size=100 to http://localhost:3000/ [ECONNREFUSED] (https://nodejs.org/api/errors.html#errors_common_system_errors)
2026-03-24 01:10:28: [HPM] Error occurred while proxying request localhost:8001/pos/notifications/v1?size=20 to http://localhost:3000/ [ECONNREFUSED] (https://nodejs.org/api/errors.html#errors_common_system_errors)
2026-03-24 01:10:28: [HPM] Error occurred while proxying request localhost:8001/pos/reports/v1/daily?date=2026-03-23 to http://localhost:3000/ [ECONNREFUSED] (https://nodejs.org/api/errors.html#errors_common_system_errors)
2026-03-24 01:10:28: [HPM] Error occurred while proxying request localhost:8001/pos/products/v1/low-stock to http://localhost:3000/ [ECONNREFUSED] (https://nodejs.org/api/errors.html#errors_common_system_errors)
2026-03-24 01:10:28: [HPM] Error occurred while proxying request localhost:8001/pos/products/v1?page=1&size=1 to http://localhost:3000/ [ECONNREFUSED] (https://nodejs.org/api/errors.html#errors_common_system_errors)
2026-03-24 01:10:28: [HPM] Error occurred while proxying request localhost:8001/pos/customers/v1?page=1&size=1 to http://localhost:3000/ [ECONNREFUSED] (https://nodejs.org/api/errors.html#errors_common_system_errors)
2026-03-24 01:10:28: [HPM] Error occurred while proxying request localhost:8001/pos/categories/v1?page=1&size=50 to http://localhost:3000/ [ECONNREFUSED] (https://nodejs.org/api/errors.html#errors_common_system_errors)
2026-03-24 01:10:28: [HPM] Error occurred while proxying request localhost:8001/pos/sales/v1?page=1&size=5 to http://localhost:3000/ [ECONNREFUSED] (https://nodejs.org/api/errors.html#errors_common_system_errors)
2026-03-24 01:14:28: [HPM] Error occurred while proxying request localhost:8001/pos to http://localhost:3000/ [ECONNREFUSED] (https://nodejs.org/api/errors.html#errors_common_system_errors)
2026-03-24 01:14:30: [HPM] Error occurred while proxying request localhost:8001/pos/notifications/v1?size=20 to http://localhost:3000/ [ECONNREFUSED] (https://nodejs.org/api/errors.html#errors_common_system_errors)
2026-03-24 01:14:30: [HPM] Error occurred while proxying request localhost:8001/pos/reports/v1/daily?date=2026-03-23 to http://localhost:3000/ [ECONNREFUSED] (https://nodejs.org/api/errors.html#errors_common_system_errors)
2026-03-24 01:14:30: [HPM] Error occurred while proxying request localhost:8001/pos/products/v1/low-stock to http://localhost:3000/ [ECONNREFUSED] (https://nodejs.org/api/errors.html#errors_common_system_errors)
2026-03-24 01:14:30: [HPM] Error occurred while proxying request localhost:8001/pos/products/v1?page=1&size=1 to http://localhost:3000/ [ECONNREFUSED] (https://nodejs.org/api/errors.html#errors_common_system_errors)
2026-03-24 01:14:30: [HPM] Error occurred while proxying request localhost:8001/pos/customers/v1?page=1&size=1 to http://localhost:3000/ [ECONNREFUSED] (https://nodejs.org/api/errors.html#errors_common_system_errors)
2026-03-24 01:14:30: [HPM] Error occurred while proxying request localhost:8001/pos/categories/v1?page=1&size=50 to http://localhost:3000/ [ECONNREFUSED] (https://nodejs.org/api/errors.html#errors_common_system_errors)
2026-03-24 01:14:30: [HPM] Error occurred while proxying request localhost:8001/pos/sales/v1?page=1&size=5 to http://localhost:3000/ [ECONNREFUSED] (https://nodejs.org/api/errors.html#errors_common_system_errors)
2026-03-24 01:14:32: [HPM] Error occurred while proxying request localhost:8001/pos/notifications/v1?size=20 to http://localhost:3000/ [ECONNREFUSED] (https://nodejs.org/api/errors.html#errors_common_system_errors)
2026-03-24 01:14:32: [HPM] Error occurred while proxying request localhost:8001/pos/reports/v1/daily?date=2026-03-23 to http://localhost:3000/ [ECONNREFUSED] (https://nodejs.org/api/errors.html#errors_common_system_errors)
2026-03-24 01:14:32: [HPM] Error occurred while proxying request localhost:8001/pos/products/v1/low-stock to http://localhost:3000/ [ECONNREFUSED] (https://nodejs.org/api/errors.html#errors_common_system_errors)
2026-03-24 01:14:32: [HPM] Error occurred while proxying request localhost:8001/pos/products/v1?page=1&size=1 to http://localhost:3000/ [ECONNREFUSED] (https://nodejs.org/api/errors.html#errors_common_system_errors)
2026-03-24 01:14:32: [HPM] Error occurred while proxying request localhost:8001/pos/customers/v1?page=1&size=1 to http://localhost:3000/ [ECONNREFUSED] (https://nodejs.org/api/errors.html#errors_common_system_errors)
2026-03-24 01:14:32: [HPM] Error occurred while proxying request localhost:8001/pos/categories/v1?page=1&size=50 to http://localhost:3000/ [ECONNREFUSED] (https://nodejs.org/api/errors.html#errors_common_system_errors)
2026-03-24 01:14:32: [HPM] Error occurred while proxying request localhost:8001/pos/sales/v1?page=1&size=5 to http://localhost:3000/ [ECONNREFUSED] (https://nodejs.org/api/errors.html#errors_common_system_errors)
2026-03-24 01:14:33: [HPM] Error occurred while proxying request localhost:8001/pos/products/v1?page=1&size=1 to http://localhost:3000/ [ECONNREFUSED] (https://nodejs.org/api/errors.html#errors_common_system_errors)
2026-03-24 01:14:33: [HPM] Error occurred while proxying request localhost:8001/pos/products/v1/low-stock to http://localhost:3000/ [ECONNREFUSED] (https://nodejs.org/api/errors.html#errors_common_system_errors)
2026-03-24 01:14:33: [HPM] Error occurred while proxying request localhost:8001/pos/products/v1/expiring?days=30 to http://localhost:3000/ [ECONNREFUSED] (https://nodejs.org/api/errors.html#errors_common_system_errors)
2026-03-24 01:14:33: [HPM] Error occurred while proxying request localhost:8001/pos/categories/v1?page=1&size=50 to http://localhost:3000/ [ECONNREFUSED] (https://nodejs.org/api/errors.html#errors_common_system_errors)
2026-03-24 01:14:33: [HPM] Error occurred while proxying request localhost:8001/pos/products/v1?page=1&size=20 to http://localhost:3000/ [ECONNREFUSED] (https://nodejs.org/api/errors.html#errors_common_system_errors)
2026-03-24 01:14:33: [HPM] Error occurred while proxying request localhost:8001/pos/products/v1?page=1&size=20 to http://localhost:3000/ [ECONNREFUSED] (https://nodejs.org/api/errors.html#errors_common_system_errors)
2026-03-24 01:19:59: [HPM] Error occurred while proxying request localhost:8001/pos to http://localhost:3000/ [ECONNREFUSED] (https://nodejs.org/api/errors.html#errors_common_system_errors)
2026-03-24 01:20:01: [HPM] Error occurred while proxying request localhost:8001/pos/notifications/v1?size=20 to http://localhost:3000/ [ECONNREFUSED] (https://nodejs.org/api/errors.html#errors_common_system_errors)
2026-03-24 01:20:01: [HPM] Error occurred while proxying request localhost:8001/pos/reports/v1/daily?date=2026-03-23 to http://localhost:3000/ [ECONNREFUSED] (https://nodejs.org/api/errors.html#errors_common_system_errors)
2026-03-24 01:20:01: [HPM] Error occurred while proxying request localhost:8001/pos/products/v1/low-stock to http://localhost:3000/ [ECONNREFUSED] (https://nodejs.org/api/errors.html#errors_common_system_errors)
2026-03-24 01:20:01: [HPM] Error occurred while proxying request localhost:8001/pos/products/v1?page=1&size=1 to http://localhost:3000/ [ECONNREFUSED] (https://nodejs.org/api/errors.html#errors_common_system_errors)
2026-03-24 01:20:01: [HPM] Error occurred while proxying request localhost:8001/pos/customers/v1?page=1&size=1 to http://localhost:3000/ [ECONNREFUSED] (https://nodejs.org/api/errors.html#errors_common_system_errors)
2026-03-24 01:20:01: [HPM] Error occurred while proxying request localhost:8001/pos/categories/v1?page=1&size=50 to http://localhost:3000/ [ECONNREFUSED] (https://nodejs.org/api/errors.html#errors_common_system_errors)
2026-03-24 01:20:01: [HPM] Error occurred while proxying request localhost:8001/pos/sales/v1?page=1&size=5 to http://localhost:3000/ [ECONNREFUSED] (https://nodejs.org/api/errors.html#errors_common_system_errors)
2026-03-24 01:20:02: [HPM] Error occurred while proxying request localhost:8001/pos to http://localhost:3000/ [ECONNREFUSED] (https://nodejs.org/api/errors.html#errors_common_system_errors)
2026-03-24 01:20:04: [HPM] Error occurred while proxying request localhost:8001/pos to http://localhost:3000/ [ECONNREFUSED] (https://nodejs.org/api/errors.html#errors_common_system_errors)
2026-03-26 01:58:17: [HPM] Error occurred while proxying request localhost:3056/socket.io/?EIO=4&transport=websocket to undefined [ECONNRESET] (https://nodejs.org/api/errors.html#errors_common_system_errors)
2026-03-26 01:58:20: [HPM] Error occurred while proxying request localhost:3056/socket.io/?EIO=4&transport=websocket to undefined [ECONNREFUSED] (https://nodejs.org/api/errors.html#errors_common_system_errors)
2026-03-26 01:58:25: [HPM] Error occurred while proxying request localhost:3056/socket.io/?EIO=4&transport=websocket to undefined [ECONNREFUSED] (https://nodejs.org/api/errors.html#errors_common_system_errors)
2026-03-26 01:58:25: [HPM] Error occurred while proxying request localhost:3056/pos/notifications/v1?size=20 to http://localhost:3055/ [ECONNREFUSED] (https://nodejs.org/api/errors.html#errors_common_system_errors)
2026-03-26 01:58:25: [HPM] Error occurred while proxying request localhost:3056/pos/reports/v1/daily?date=2026-03-25 to http://localhost:3055/ [ECONNREFUSED] (https://nodejs.org/api/errors.html#errors_common_system_errors)
2026-03-26 01:58:25: [HPM] Error occurred while proxying request localhost:3056/pos/products/v1/low-stock to http://localhost:3055/ [ECONNREFUSED] (https://nodejs.org/api/errors.html#errors_common_system_errors)
2026-03-26 01:58:25: [HPM] Error occurred while proxying request localhost:3056/pos/products/v1?page=1&size=1 to http://localhost:3055/ [ECONNREFUSED] (https://nodejs.org/api/errors.html#errors_common_system_errors)
2026-03-26 01:58:25: [HPM] Error occurred while proxying request localhost:3056/pos/customers/v1?page=1&size=1 to http://localhost:3055/ [ECONNREFUSED] (https://nodejs.org/api/errors.html#errors_common_system_errors)
2026-03-26 01:58:25: [HPM] Error occurred while proxying request localhost:3056/pos/categories/v1?page=1&size=50 to http://localhost:3055/ [ECONNREFUSED] (https://nodejs.org/api/errors.html#errors_common_system_errors)
2026-03-26 01:58:25: [HPM] Error occurred while proxying request localhost:3056/pos/sales/v1?page=1&size=5 to http://localhost:3055/ [ECONNREFUSED] (https://nodejs.org/api/errors.html#errors_common_system_errors)
2026-03-26 01:58:25: [HPM] Error occurred while proxying request localhost:3056/pos/suppliers/v1?page=1&size=1 to http://localhost:3055/ [ECONNREFUSED] (https://nodejs.org/api/errors.html#errors_common_system_errors)
2026-03-26 01:58:25: [HPM] Error occurred while proxying request localhost:3056/pos/purchases/v1?page=1&size=4 to http://localhost:3055/ [ECONNREFUSED] (https://nodejs.org/api/errors.html#errors_common_system_errors)
2026-03-26 01:58:25: [HPM] Error occurred while proxying request localhost:3056/pos/expenses/v1?page=1&size=4 to http://localhost:3055/ [ECONNREFUSED] (https://nodejs.org/api/errors.html#errors_common_system_errors)
2026-03-26 01:58:28: [HPM] Error occurred while proxying request localhost:3056/socket.io/?EIO=4&transport=websocket to undefined [ECONNREFUSED] (https://nodejs.org/api/errors.html#errors_common_system_errors)
2026-03-26 01:58:32: [HPM] Error occurred while proxying request localhost:3056/socket.io/?EIO=4&transport=websocket to undefined [ECONNREFUSED] (https://nodejs.org/api/errors.html#errors_common_system_errors)
2026-03-26 01:58:38: [HPM] Error occurred while proxying request localhost:3056/socket.io/?EIO=4&transport=websocket to undefined [ECONNREFUSED] (https://nodejs.org/api/errors.html#errors_common_system_errors)
2026-03-26 01:58:44: [HPM] Error occurred while proxying request localhost:3056/socket.io/?EIO=4&transport=websocket to undefined [ECONNREFUSED] (https://nodejs.org/api/errors.html#errors_common_system_errors)
2026-03-26 01:58:50: [HPM] Error occurred while proxying request localhost:3056/socket.io/?EIO=4&transport=websocket to undefined [ECONNREFUSED] (https://nodejs.org/api/errors.html#errors_common_system_errors)
2026-03-26 01:59:26: [HPM] Error occurred while proxying request localhost:3056/pos/notifications/v1?size=20 to http://localhost:3055/ [ECONNREFUSED] (https://nodejs.org/api/errors.html#errors_common_system_errors)
2026-03-26 02:00:26: [HPM] Error occurred while proxying request localhost:3056/pos/notifications/v1?size=20 to http://localhost:3055/ [ECONNREFUSED] (https://nodejs.org/api/errors.html#errors_common_system_errors)
2026-03-26 02:01:26: [HPM] Error occurred while proxying request localhost:3056/pos/notifications/v1?size=20 to http://localhost:3055/ [ECONNREFUSED] (https://nodejs.org/api/errors.html#errors_common_system_errors)
2026-03-26 02:02:26: [HPM] Error occurred while proxying request localhost:3056/pos/notifications/v1?size=20 to http://localhost:3055/ [ECONNREFUSED] (https://nodejs.org/api/errors.html#errors_common_system_errors)
2026-03-26 02:03:26: [HPM] Error occurred while proxying request localhost:3056/pos/notifications/v1?size=20 to http://localhost:3055/ [ECONNREFUSED] (https://nodejs.org/api/errors.html#errors_common_system_errors)
2026-03-26 02:20:03: [HPM] Error occurred while proxying request localhost:3056/pos/notifications/v1?size=20 to http://localhost:3055/ [ECONNREFUSED] (https://nodejs.org/api/errors.html#errors_common_system_errors)
